<?xml version="1.0" encoding="UTF-8"?>
<!-- Generated by org.testng.reporters.JUnitXMLReporter -->
<testsuite ignored="0" hostname="Anand" failures="0" tests="4" name="Surefire test" time="0.332" errors="0" timestamp="2025-12-23T15:41:21 IST">
  <testcase classname="com.file.TestConfig" name="readCSVTest" time="0.002"/>
  <testcase classname="com.file.TestConfig" name="readConfigTest" time="0.004"/>
  <testcase classname="com.file.TestConfig" name="readJSONTest" time="0.204"/>
  <testcase classname="com.file.TestConfig" name="readYAMLTest" time="0.073"/>
</testsuite> <!-- Surefire test -->
