<?xml version="1.0" encoding="UTF-8"?>
<!-- Generated by org.testng.reporters.JUnitXMLReporter -->
<testsuite ignored="3" hostname="Anand" failures="0" tests="1" name="Default test" time="0.116" errors="0" timestamp="2025-12-23T15:31:21 IST">
  <testcase classname="com.file.TestConfig" name="readYAMLTest" time="0.07"/>
  <testcase classname="com.file.TestConfig" name="readCSVTest" time="0.0">
    <ignored/>
  </testcase> <!-- readCSVTest -->
  <testcase classname="com.file.TestConfig" name="readJSONTest" time="0.0">
    <ignored/>
  </testcase> <!-- readJSONTest -->
  <testcase classname="com.file.TestConfig" name="readConfigTest" time="0.0">
    <ignored/>
  </testcase> <!-- readConfigTest -->
</testsuite> <!-- Default test -->
