<?xml version="1.0" encoding="UTF-8"?>
<!-- Generated by org.testng.reporters.JUnitXMLReporter -->
<testsuite ignored="0" hostname="Anand" failures="0" tests="3" name="io Test" time="0.284" errors="0" timestamp="2025-12-23T15:03:17 IST">
  <testcase classname="com.file.TestConfig" name="readCSVTest" time="0.013"/>
  <testcase classname="com.file.TestConfig" name="readConfigTest" time="0.003"/>
  <testcase classname="com.file.TestConfig" name="readJSONTest" time="0.216"/>
</testsuite> <!-- io Test -->
