<?xml version="1.0" encoding="UTF-8"?>
<testng-results ignored="0" total="4" passed="4" failed="0" skipped="0">
  <reporter-output>
  </reporter-output>
  <suite started-at="2025-12-23T15:41:21 IST" name="Surefire suite" finished-at="2025-12-23T15:41:21 IST" duration-ms="332">
    <groups>
    </groups>
    <test started-at="2025-12-23T15:41:21 IST" name="Surefire test" finished-at="2025-12-23T15:41:21 IST" duration-ms="332">
      <class name="com.file.TestConfig">
        <test-method signature="readCSVTest()[pri:0, instance:com.file.TestConfig@6293abcc]" started-at="2025-12-23T15:41:21 IST" name="readCSVTest" finished-at="2025-12-23T15:41:21 IST" duration-ms="2" status="PASS">
          <reporter-output>
          </reporter-output>
        </test-method> <!-- readCSVTest -->
        <test-method signature="readConfigTest()[pri:0, instance:com.file.TestConfig@6293abcc]" started-at="2025-12-23T15:41:21 IST" name="readConfigTest" finished-at="2025-12-23T15:41:21 IST" duration-ms="4" status="PASS">
          <reporter-output>
          </reporter-output>
        </test-method> <!-- readConfigTest -->
        <test-method signature="readJSONTest()[pri:0, instance:com.file.TestConfig@6293abcc]" started-at="2025-12-23T15:41:21 IST" name="readJSONTest" finished-at="2025-12-23T15:41:21 IST" duration-ms="204" status="PASS">
          <reporter-output>
          </reporter-output>
        </test-method> <!-- readJSONTest -->
        <test-method signature="readYAMLTest()[pri:0, instance:com.file.TestConfig@6293abcc]" started-at="2025-12-23T15:41:21 IST" name="readYAMLTest" finished-at="2025-12-23T15:41:21 IST" duration-ms="73" status="PASS">
          <reporter-output>
          </reporter-output>
        </test-method> <!-- readYAMLTest -->
      </class> <!-- com.file.TestConfig -->
    </test> <!-- Surefire test -->
  </suite> <!-- Surefire suite -->
</testng-results>
