<?xml version="1.0" encoding="UTF-8"?>
<testsuite xmlns:xsi="http://www.w3.org/2001/XMLSchema-instance" xsi:noNamespaceSchemaLocation="https://maven.apache.org/surefire/maven-surefire-plugin/xsd/surefire-test-report-3.0.xsd" version="3.0" name="com.file.TestConfig" time="0.765" tests="4" errors="0" skipped="0" failures="0">
  <properties>
[...]
</properties>
  <testcase name="readCSVTest" classname="com.file.TestConfig" time="0.01">
    <system-out><![CDATA[CSV File: {browser	url	username	password=chrome	https://opensource-demo.orangehrmlive.com	Admin	admin123}
]]></system-out>
    <system-err><![CDATA[SLF4J: Failed to load class "org.slf4j.impl.StaticLoggerBinder".
SLF4J: Defaulting to no-operation (NOP) logger implementation
SLF4J: See http://www.slf4j.org/codes.html#StaticLoggerBinder for further details.
]]></system-err>
  </testcase>
  <testcase name="readConfigTest" classname="com.file.TestConfig" time="0.001">
    <system-out><![CDATA[Browser from test: chrome
URL from test    : https://opensource-demo.orangehrmlive.com
Username from test: Admin
]]></system-out>
  </testcase>
  <testcase name="readJSONTest" classname="com.file.TestConfig" time="0.2">
    <system-out><![CDATA[JSON File: {browser=chrome, url=https://opensource-demo.orangehrmlive.com, username=Admin, password=admin123}
]]></system-out>
  </testcase>
  <testcase name="readYAMLTest" classname="com.file.TestConfig" time="0.074">
    <system-out><![CDATA[YAML File: {browser=chrome, url=https://opensource-demo.orangehrmlive.com, username=Admin, password=admin123}
]]></system-out>
  </testcase>
</testsuite>