<?xml version="1.0" encoding="UTF-8"?>
<testng-results ignored="0" total="1" passed="1" failed="0" skipped="0">
  <reporter-output>
  </reporter-output>
  <suite started-at="2025-12-23T15:31:20 IST" name="Default suite" finished-at="2025-12-23T15:31:20 IST" duration-ms="116">
    <groups>
    </groups>
    <test started-at="2025-12-23T15:31:20 IST" name="Default test" finished-at="2025-12-23T15:31:20 IST" duration-ms="116">
      <class name="com.file.TestConfig">
        <test-method signature="readYAMLTest()[pri:0, instance:com.file.TestConfig@16d04d3d]" started-at="2025-12-23T15:31:20 IST" name="readYAMLTest" finished-at="2025-12-23T15:31:20 IST" duration-ms="70" status="PASS">
          <reporter-output>
          </reporter-output>
        </test-method> <!-- readYAMLTest -->
      </class> <!-- com.file.TestConfig -->
    </test> <!-- Default test -->
  </suite> <!-- Default suite -->
</testng-results>
